# JRE version: Java(TM) SE Runtime Environment (8.0_20-b26) (build 1.8.0_20-b26)
# Java VM: Java HotSpot(TM) 64-Bit Server VM (25.20-b23 mixed mode windows-amd64 compressed oops)
Heap:
 PSYoungGen      total 113664K, used 45772K [0x00000000eab00000, 0x00000000f9500000, 0x0000000100000000)
  eden space 76288K, 59% used [0x00000000eab00000,0x00000000ed7b3230,0x00000000ef580000)
  from space 37376K, 0% used [0x00000000ef580000,0x00000000ef580000,0x00000000f1a00000)
  to   space 59392K, 0% used [0x00000000f5b00000,0x00000000f5b00000,0x00000000f9500000)
 ParOldGen       total 77824K, used 44661K [0x00000000c0000000, 0x00000000c4c00000, 0x00000000eab00000)
  object space 77824K, 57% used [0x00000000c0000000,0x00000000c2b9d5e0,0x00000000c4c00000)
 Metaspace       used 5597K, capacity 6832K, committed 7040K, reserved 1056768K
  class space    used 549K, capacity 616K, committed 640K, reserved 1048576K
GC Heap History (10 events):
Event: 21.188 GC heap before
{Heap before GC invocations=6 (full 1):
 PSYoungGen      total 55808K, used 55776K [0x00000000eab00000, 0x00000000ef000000, 0x0000000100000000)
  eden space 53248K, 100% used [0x00000000eab00000,0x00000000edf00000,0x00000000edf00000)
  from space 2560K, 98% used [0x00000000eed80000,0x00000000eeff8010,0x00000000ef000000)
  to   space 2560K, 0% used [0x00000000eeb00000,0x00000000eeb00000,0x00000000eed80000)
 ParOldGen       total 88064K, used 43073K [0x00000000c0000000, 0x00000000c5600000, 0x00000000eab00000)
  object space 88064K, 48% used [0x00000000c0000000,0x00000000c2a106b8,0x00000000c5600000)
 Metaspace       used 5537K, capacity 6768K, committed 7040K, reserved 1056768K
  class space    used 549K, capacity 616K, committed 640K, reserved 1048576K
Event: 21.251 GC heap after
Heap after GC invocations=6 (full 1):
 PSYoungGen      total 68096K, used 2548K [0x00000000eab00000, 0x00000000f3800000, 0x0000000100000000)
  eden space 65536K, 0% used [0x00000000eab00000,0x00000000eab00000,0x00000000eeb00000)
  from space 2560K, 99% used [0x00000000eeb00000,0x00000000eed7d2b0,0x00000000eed80000)
  to   space 30720K, 0% used [0x00000000f1a00000,0x00000000f1a00000,0x00000000f3800000)
 ParOldGen       total 88064K, used 61405K [0x00000000c0000000, 0x00000000c5600000, 0x00000000eab00000)
  object space 88064K, 69% used [0x00000000c0000000,0x00000000c3bf77e0,0x00000000c5600000)
 Metaspace       used 5537K, capacity 6768K, committed 7040K, reserved 1056768K
  class space    used 549K, capacity 616K, committed 640K, reserved 1048576K
}
Event: 21.251 GC heap before
{Heap before GC invocations=7 (full 2):
 PSYoungGen      total 68096K, used 2548K [0x00000000eab00000, 0x00000000f3800000, 0x0000000100000000)
  eden space 65536K, 0% used [0x00000000eab00000,0x00000000eab00000,0x00000000eeb00000)
  from space 2560K, 99% used [0x00000000eeb00000,0x00000000eed7d2b0,0x00000000eed80000)
  to   space 30720K, 0% used [0x00000000f1a00000,0x00000000f1a00000,0x00000000f3800000)
 ParOldGen       total 88064K, used 61405K [0x00000000c0000000, 0x00000000c5600000, 0x00000000eab00000)
  object space 88064K, 69% used [0x00000000c0000000,0x00000000c3bf77e0,0x00000000c5600000)
 Metaspace       used 5537K, capacity 6768K, committed 7040K, reserved 1056768K
  class space    used 549K, capacity 616K, committed 640K, reserved 1048576K
Event: 21.743 GC heap after
Heap after GC invocations=7 (full 2):
 PSYoungGen      total 68096K, used 0K [0x00000000eab00000, 0x00000000f3800000, 0x0000000100000000)
  eden space 65536K, 0% used [0x00000000eab00000,0x00000000eab00000,0x00000000eeb00000)
  from space 2560K, 0% used [0x00000000eeb00000,0x00000000eeb00000,0x00000000eed80000)
  to   space 30720K, 0% used [0x00000000f1a00000,0x00000000f1a00000,0x00000000f3800000)
 ParOldGen       total 77824K, used 20173K [0x00000000c0000000, 0x00000000c4c00000, 0x00000000eab00000)
  object space 77824K, 25% used [0x00000000c0000000,0x00000000c13b37a0,0x00000000c4c00000)
 Metaspace       used 5537K, capacity 6768K, committed 7040K, reserved 1056768K
  class space    used 549K, capacity 616K, committed 640K, reserved 1048576K
}
Event: 22.026 GC heap before
{Heap before GC invocations=8 (full 2):
 PSYoungGen      total 68096K, used 65536K [0x00000000eab00000, 0x00000000f3800000, 0x0000000100000000)
  eden space 65536K, 100% used [0x00000000eab00000,0x00000000eeb00000,0x00000000eeb00000)
  from space 2560K, 0% used [0x00000000eeb00000,0x00000000eeb00000,0x00000000eed80000)
  to   space 30720K, 0% used [0x00000000f1a00000,0x00000000f1a00000,0x00000000f3800000)
 ParOldGen       total 77824K, used 20173K [0x00000000c0000000, 0x00000000c4c00000, 0x00000000eab00000)
  object space 77824K, 25% used [0x00000000c0000000,0x00000000c13b37a0,0x00000000c4c00000)
 Metaspace       used 5549K, capacity 6832K, committed 7040K, reserved 1056768K
  class space    used 549K, capacity 616K, committed 640K, reserved 1048576K
Event: 22.110 GC heap after
Heap after GC invocations=8 (full 2):
 PSYoungGen      total 107008K, used 30710K [0x00000000eab00000, 0x00000000f5c80000, 0x0000000100000000)
  eden space 76288K, 0% used [0x00000000eab00000,0x00000000eab00000,0x00000000ef580000)
  from space 30720K, 99% used [0x00000000f1a00000,0x00000000f37fd800,0x00000000f3800000)
  to   space 37376K, 0% used [0x00000000ef580000,0x00000000ef580000,0x00000000f1a00000)
 ParOldGen       total 77824K, used 20477K [0x00000000c0000000, 0x00000000c4c00000, 0x00000000eab00000)
  object space 77824K, 26% used [0x00000000c0000000,0x00000000c13ff7a0,0x00000000c4c00000)
 Metaspace       used 5549K, capacity 6832K, committed 7040K, reserved 1056768K
  class space    used 549K, capacity 616K, committed 640K, reserved 1048576K
}
Event: 23.727 GC heap before
{Heap before GC invocations=9 (full 2):
 PSYoungGen      total 107008K, used 106998K [0x00000000eab00000, 0x00000000f5c80000, 0x0000000100000000)
  eden space 76288K, 100% used [0x00000000eab00000,0x00000000ef580000,0x00000000ef580000)
  from space 30720K, 99% used [0x00000000f1a00000,0x00000000f37fd800,0x00000000f3800000)
  to   space 37376K, 0% used [0x00000000ef580000,0x00000000ef580000,0x00000000f1a00000)
 ParOldGen       total 77824K, used 20477K [0x00000000c0000000, 0x00000000c4c00000, 0x00000000eab00000)
  object space 77824K, 26% used [0x00000000c0000000,0x00000000c13ff7a0,0x00000000c4c00000)
 Metaspace       used 5579K, capacity 6832K, committed 7040K, reserved 1056768K
  class space    used 549K, capacity 616K, committed 640K, reserved 1048576K
Event: 23.807 GC heap after
Heap after GC invocations=9 (full 2):
 PSYoungGen      total 113664K, used 37354K [0x00000000eab00000, 0x00000000f9500000, 0x0000000100000000)
  eden space 76288K, 0% used [0x00000000eab00000,0x00000000eab00000,0x00000000ef580000)
  from space 37376K, 99% used [0x00000000ef580000,0x00000000f19fa888,0x00000000f1a00000)
  to   space 59392K, 0% used [0x00000000f5b00000,0x00000000f5b00000,0x00000000f9500000)
 ParOldGen       total 77824K, used 49759K [0x00000000c0000000, 0x00000000c4c00000, 0x00000000eab00000)
  object space 77824K, 63% used [0x00000000c0000000,0x00000000c3097ce8,0x00000000c4c00000)
 Metaspace       used 5579K, capacity 6832K, committed 7040K, reserved 1056768K
  class space    used 549K, capacity 616K, committed 640K, reserved 1048576K
}
Event: 23.807 GC heap before
{Heap before GC invocations=10 (full 3):
 PSYoungGen      total 113664K, used 37354K [0x00000000eab00000, 0x00000000f9500000, 0x0000000100000000)
  eden space 76288K, 0% used [0x00000000eab00000,0x00000000eab00000,0x00000000ef580000)
  from space 37376K, 99% used [0x00000000ef580000,0x00000000f19fa888,0x00000000f1a00000)
  to   space 59392K, 0% used [0x00000000f5b00000,0x00000000f5b00000,0x00000000f9500000)
 ParOldGen       total 77824K, used 49759K [0x00000000c0000000, 0x00000000c4c00000, 0x00000000eab00000)
  object space 77824K, 63% used [0x00000000c0000000,0x00000000c3097ce8,0x00000000c4c00000)
 Metaspace       used 5579K, capacity 6832K, committed 7040K, reserved 1056768K
  class space    used 549K, capacity 616K, committed 640K, reserved 1048576K
Event: 24.263 GC heap after
Heap after GC invocations=10 (full 3):
 PSYoungGen      total 113664K, used 0K [0x00000000eab00000, 0x00000000f9500000, 0x0000000100000000)
  eden space 76288K, 0% used [0x00000000eab00000,0x00000000eab00000,0x00000000ef580000)
  from space 37376K, 0% used [0x00000000ef580000,0x00000000ef580000,0x00000000f1a00000)
  to   space 59392K, 0% used [0x00000000f5b00000,0x00000000f5b00000,0x00000000f9500000)
 ParOldGen       total 77824K, used 44661K [0x00000000c0000000, 0x00000000c4c00000, 0x00000000eab00000)
  object space 77824K, 57% used [0x00000000c0000000,0x00000000c2b9d5e0,0x00000000c4c00000)
 Metaspace       used 5579K, capacity 6832K, committed 7040K, reserved 1056768K
  class space    used 549K, capacity 616K, committed 640K, reserved 1048576K
}

